<?xml version="1.0" encoding="UTF-8"?>
<testng-results ignored="0" total="1" passed="1" failed="0" skipped="0">
  <reporter-output>
  </reporter-output>
  <suite started-at="2023-04-04T11:01:38 IST" name="Default suite" finished-at="2023-04-04T11:02:14 IST" duration-ms="35741">
    <groups>
    </groups>
    <test started-at="2023-04-04T11:01:38 IST" name="Default test" finished-at="2023-04-04T11:02:14 IST" duration-ms="35741">
      <class name="Test.TestNGOfJioMart">
        <test-method is-config="true" signature="OpenBrowser()[pri:0, instance:Test.TestNGOfJioMart@67a20f67]" started-at="2023-04-04T11:01:39 IST" name="OpenBrowser" finished-at="2023-04-04T11:01:41 IST" duration-ms="2706" status="PASS">
          <reporter-output>
          </reporter-output>
        </test-method> <!-- OpenBrowser -->
        <test-method is-config="true" signature="GotoProductPage()[pri:0, instance:Test.TestNGOfJioMart@67a20f67]" started-at="2023-04-04T11:01:41 IST" name="GotoProductPage" finished-at="2023-04-04T11:02:14 IST" duration-ms="32973" status="PASS">
          <reporter-output>
          </reporter-output>
        </test-method> <!-- GotoProductPage -->
        <test-method signature="VerifyBakedCookiesProductPgeUrl()[pri:0, instance:Test.TestNGOfJioMart@67a20f67]" started-at="2023-04-04T11:02:14 IST" name="VerifyBakedCookiesProductPgeUrl" finished-at="2023-04-04T11:02:14 IST" duration-ms="30" status="PASS">
          <reporter-output>
          </reporter-output>
        </test-method> <!-- VerifyBakedCookiesProductPgeUrl -->
        <test-method is-config="true" signature="afterTest()[pri:0, instance:Test.TestNGOfJioMart@67a20f67]" started-at="2023-04-04T11:02:14 IST" name="afterTest" finished-at="2023-04-04T11:02:14 IST" duration-ms="0" status="PASS">
          <reporter-output>
          </reporter-output>
        </test-method> <!-- afterTest -->
        <test-method is-config="true" signature="GoToResultPage()[pri:0, instance:Test.TestNGOfJioMart@67a20f67]" started-at="2023-04-04T11:02:14 IST" name="GoToResultPage" finished-at="2023-04-04T11:02:14 IST" duration-ms="0" status="PASS">
          <reporter-output>
          </reporter-output>
        </test-method> <!-- GoToResultPage -->
        <test-method is-config="true" signature="OpenResult()[pri:0, instance:Test.TestNGOfJioMart@67a20f67]" started-at="2023-04-04T11:02:14 IST" name="OpenResult" finished-at="2023-04-04T11:02:14 IST" duration-ms="0" status="PASS">
          <reporter-output>
          </reporter-output>
        </test-method> <!-- OpenResult -->
        <test-method is-config="true" signature="AfterSuite()[pri:0, instance:Test.TestNGOfJioMart@67a20f67]" started-at="2023-04-04T11:02:14 IST" name="AfterSuite" finished-at="2023-04-04T11:02:14 IST" duration-ms="16" status="PASS">
          <reporter-output>
          </reporter-output>
        </test-method> <!-- AfterSuite -->
      </class> <!-- Test.TestNGOfJioMart -->
    </test> <!-- Default test -->
  </suite> <!-- Default suite -->
</testng-results>
